-------------------------------------------------------------------------------
Test set: upskill.clubedesportivo.AtletaAmadorTest
-------------------------------------------------------------------------------
<<<<<<< HEAD
Tests run: 4, Failures: 0, Errors: 0, Skipped: 0, Time elapsed: 0.031 sec
=======
<<<<<<< HEAD
Tests run: 4, Failures: 0, Errors: 0, Skipped: 0, Time elapsed: 0.073 sec
=======
<<<<<<< HEAD
Tests run: 4, Failures: 0, Errors: 0, Skipped: 0, Time elapsed: 0.021 sec
=======
Tests run: 4, Failures: 0, Errors: 0, Skipped: 0, Time elapsed: 0.081 sec
>>>>>>> 2425b093617160c8c44c3684f9de1e3d255f076d
>>>>>>> d5cca70c91fecb77c30d713a206c4c515b69c237
>>>>>>> f0600627574bd08aa688055889545b7b07b8428e
