-------------------------------------------------------------------------------
Test set: upskill.clubedesportivo.AtletaTest
-------------------------------------------------------------------------------
<<<<<<< HEAD
Tests run: 9, Failures: 0, Errors: 0, Skipped: 0, Time elapsed: 0.03 sec
=======
<<<<<<< HEAD
Tests run: 9, Failures: 0, Errors: 0, Skipped: 0, Time elapsed: 0.001 sec
=======
Tests run: 9, Failures: 0, Errors: 0, Skipped: 0, Time elapsed: 0.012 sec
>>>>>>> 2425b093617160c8c44c3684f9de1e3d255f076d
>>>>>>> d5cca70c91fecb77c30d713a206c4c515b69c237
